<?xml version="1.0" encoding="UTF-8"?>
<!-- Generated by org.testng.reporters.JUnitReportReporter -->
<testsuite hostname="LAPTOP-GPIBMQV4" failures="0" tests="1" name="testNGAsserts.t2$t1" time="3.410" errors="0" timestamp="2023-03-18T20:11:07 IST" skipped="0">
  <testcase classname="testNGAsserts.t2$t1" name="t2" time="3.410"/>
  <system-out/>
</testsuite> <!-- testNGAsserts.t2$t1 -->
