<?xml version="1.0" encoding="UTF-8"?>
<!-- Generated by org.testng.reporters.JUnitReportReporter -->
<testsuite hostname="LAPTOP-GPIBMQV4" failures="0" tests="5" name="testdependsuponmethods.d3$a1" time="8.899" errors="0" timestamp="2023-03-14T22:14:41 IST" skipped="0">
  <testcase classname="testdependsuponmethods.d3$a1" name="visiting" time="4.322"/>
  <system-out/>
  <testcase classname="testdependsuponmethods.d3$a1" name="max" time="0.163"/>
  <system-out/>
  <testcase classname="testdependsuponmethods.d3$a1" name="refresh" time="0.024"/>
  <system-out/>
  <testcase classname="testdependsuponmethods.d3$a1" name="clicking" time="2.027"/>
  <system-out/>
  <testcase classname="testdependsuponmethods.d3$a1" name="quit" time="2.363"/>
  <system-out/>
</testsuite> <!-- testdependsuponmethods.d3$a1 -->
