<?xml version="1.0" encoding="UTF-8"?>
<!-- Generated by org.testng.reporters.JUnitReportReporter -->
<testsuite hostname="LAPTOP-GPIBMQV4" failures="0" tests="2" name="testNGAnnotations.d1" time="2.633" errors="0" timestamp="2023-03-18T19:51:05 IST" skipped="0">
  <testcase classname="testNGAnnotations.d1" name="t1" time="0.008"/>
  <system-out/>
  <testcase classname="testNGAnnotations.d1" name="t2" time="2.625"/>
  <system-out/>
</testsuite> <!-- testNGAnnotations.d1 -->
