<?xml version="1.0" encoding="UTF-8"?>
<!-- Generated by org.testng.reporters.JUnitReportReporter -->
<testsuite hostname="LAPTOP-GPIBMQV4" failures="0" tests="4" name="testdependsuponmethods.d12" time="0.020" errors="0" timestamp="2023-03-14T21:58:16 IST" skipped="0">
  <testcase classname="testdependsuponmethods.d12" name="user" time="0.014"/>
  <system-out/>
  <testcase classname="testdependsuponmethods.d12" name="pass" time="0.002"/>
  <system-out/>
  <testcase classname="testdependsuponmethods.d12" name="login" time="0.003"/>
  <system-out/>
  <testcase classname="testdependsuponmethods.d12" name="home" time="0.001"/>
  <system-out/>
</testsuite> <!-- testdependsuponmethods.d12 -->
