<?xml version="1.0" encoding="UTF-8"?>
<!-- Generated by org.testng.reporters.JUnitReportReporter -->
<testsuite hostname="LAPTOP-GPIBMQV4" failures="0" tests="1" name="testNGAsserts.t1" time="3.268" errors="0" timestamp="2023-03-18T20:05:39 IST" skipped="0">
  <testcase classname="testNGAsserts.t1" name="t2" time="3.268"/>
  <system-out/>
</testsuite> <!-- testNGAsserts.t1 -->
