<?xml version="1.0" encoding="UTF-8"?>
<!-- Generated by org.testng.reporters.JUnitReportReporter -->
<testsuite hostname="LAPTOP-GPIBMQV4" failures="0" tests="2" name="testNGAnnotations.c5" time="1.691" errors="0" timestamp="2023-03-18T19:27:23 IST" skipped="0">
  <testcase classname="testNGAnnotations.c5" name="t1" time="0.009"/>
  <system-out/>
  <testcase classname="testNGAnnotations.c5" name="t2" time="1.682"/>
  <system-out/>
</testsuite> <!-- testNGAnnotations.c5 -->
