<?xml version="1.0" encoding="UTF-8"?>
<!-- Generated by org.testng.reporters.JUnitReportReporter -->
<testsuite hostname="LAPTOP-GPIBMQV4" failures="0" tests="5" name="testdependsuponmethods.d4" time="6.976" errors="0" timestamp="2023-03-14T22:14:41 IST" skipped="0">
  <testcase classname="testdependsuponmethods.d4" name="visiting" time="3.061"/>
  <system-out/>
  <testcase classname="testdependsuponmethods.d4" name="max" time="0.151"/>
  <system-out/>
  <testcase classname="testdependsuponmethods.d4" name="refresh" time="0.021"/>
  <system-out/>
  <testcase classname="testdependsuponmethods.d4" name="clicking" time="1.358"/>
  <system-out/>
  <testcase classname="testdependsuponmethods.d4" name="quit" time="2.385"/>
  <system-out/>
</testsuite> <!-- testdependsuponmethods.d4 -->
