<?xml version="1.0" encoding="UTF-8"?>
<!-- Generated by org.testng.reporters.JUnitReportReporter -->
<testsuite hostname="LAPTOP-GPIBMQV4" failures="0" tests="2" name="testNGAnnotations.c1$a1" time="4.022" errors="0" timestamp="2023-03-14T22:28:35 IST" skipped="0">
  <testcase classname="testNGAnnotations.c1$a1" name="t1" time="0.868"/>
  <system-out/>
  <testcase classname="testNGAnnotations.c1$a1" name="t2" time="3.154"/>
  <system-out/>
</testsuite> <!-- testNGAnnotations.c1$a1 -->
