<?xml version="1.0" encoding="UTF-8"?>
<!-- Generated by org.testng.reporters.JUnitReportReporter -->
<testsuite hostname="LAPTOP-GPIBMQV4" failures="0" tests="2" name="testNGAnnotations.D5" time="1.553" errors="0" timestamp="2023-03-18T19:48:26 IST" skipped="0">
  <testcase classname="testNGAnnotations.D5" name="t1" time="0.004"/>
  <system-out/>
  <testcase classname="testNGAnnotations.D5" name="t2" time="1.549"/>
  <system-out/>
</testsuite> <!-- testNGAnnotations.D5 -->
