<?xml version="1.0" encoding="UTF-8"?>
<!-- Generated by org.testng.reporters.JUnitReportReporter -->
<testsuite hostname="LAPTOP-GPIBMQV4" failures="0" tests="3" name="testNG.C1" time="0.014" errors="0" timestamp="2023-03-14T21:33:23 IST" skipped="1">
  <testcase classname="testNG.C1" name="b1" time="0.012"/>
  <system-out/>
  <testcase classname="testNG.C1" name="d1" time="0.002"/>
  <system-out/>
  <testcase classname="testNG.C1" name="a1">
    <skipped/>
  </testcase> <!-- a1 -->
  <system-out/>
</testsuite> <!-- testNG.C1 -->
