<?xml version="1.0" encoding="UTF-8"?>
<!-- Generated by org.testng.reporters.JUnitReportReporter -->
<testsuite hostname="LAPTOP-GPIBMQV4" failures="0" tests="2" name="testdependsuponmethods.D1" time="0.014" errors="0" timestamp="2023-03-14T21:45:24 IST" skipped="0">
  <testcase classname="testdependsuponmethods.D1" name="login" time="0.012"/>
  <system-out/>
  <testcase classname="testdependsuponmethods.D1" name="home" time="0.002"/>
  <system-out/>
</testsuite> <!-- testdependsuponmethods.D1 -->
